============================================================================================== 
Warning! Mixing Conda and module environments may lead to corruption of the
user environment. 
We do not recommend users mixing those two environments unless absolutely
necessary. Note that 
SURF does not provide any support for Conda environment.
For more information, please refer to our software policy page:
https://servicedesk.surf.nl/wiki/display/WIKI/Software+policy+Snellius#SoftwarepolicySnellius-UseofAnacondaandMinicondaenvironmentsonSnellius 

Remember that many packages have already been installed on the system and can
be loaded using 
the 'module load <package__name>' command. If you are uncertain if a package is
already available 
on the system, please use 'module avail' or 'module spider' to search for it.
============================================================================================== 
/home/fsixdijkstra/.conda/envs/tcav/lib/python3.9/site-packages/torchvision/models/_utils.py:208: UserWarning: The parameter 'pretrained' is deprecated since 0.13 and may be removed in the future, please use 'weights' instead.
  warnings.warn(
/home/fsixdijkstra/.conda/envs/tcav/lib/python3.9/site-packages/torchvision/models/_utils.py:223: UserWarning: Arguments other than a weight enum or `None` for 'weights' are deprecated since 0.13 and may be removed in the future. The current behavior is equivalent to passing `weights=None`.
  warnings.warn(msg)
[{'cav_key': 'Pos-EX_1-Neg-EX_1-layer3-linear-0.1', 'cav_concept': 'Pos-EX_1', 'target_class': 2, 'i_up': 0.01, 'val_directional_dirs_abs_mean': 0.037938513, 'val_directional_dirs_mean': 0.037856992, 'val_directional_dirs_std': 0.011444195, 'note': 'alpha_0.1 ', 'alpha': 0.1, 'bottleneck': 'layer3'}, {'cav_key': 'Pos-EX_1-Neg-EX_2-layer3-linear-0.1', 'cav_concept': 'Pos-EX_1', 'target_class': 2, 'i_up': 0.02, 'val_directional_dirs_abs_mean': 0.041916367, 'val_directional_dirs_mean': 0.041870367, 'val_directional_dirs_std': 0.015074859, 'note': 'alpha_0.1 ', 'alpha': 0.1, 'bottleneck': 'layer3'}, {'cav_key': 'Pos-EX_1-Neg-EX_3-layer3-linear-0.1', 'cav_concept': 'Pos-EX_1', 'target_class': 2, 'i_up': 0.07, 'val_directional_dirs_abs_mean': 0.027787171, 'val_directional_dirs_mean': 0.025733344, 'val_directional_dirs_std': 0.016393347, 'note': 'alpha_0.1 ', 'alpha': 0.1, 'bottleneck': 'layer3'}, {'cav_key': 'Pos-EX_1-Neg-EX_4-layer3-linear-0.1', 'cav_concept': 'Pos-EX_1', 'target_class': 2, 'i_up': 0.2, 'val_directional_dirs_abs_mean': 0.014828492, 'val_directional_dirs_mean': 0.00961355, 'val_directional_dirs_std': 0.013637453, 'note': 'alpha_0.1 ', 'alpha': 0.1, 'bottleneck': 'layer3'}, {'cav_key': 'Neg-EX_1-Neg-EX_2-layer3-linear-0.1', 'cav_concept': 'Neg-EX_1', 'target_class': 2, 'i_up': 0.03, 'val_directional_dirs_abs_mean': 0.022344384, 'val_directional_dirs_mean': 0.02192035, 'val_directional_dirs_std': 0.011790066, 'note': 'alpha_0.1 ', 'alpha': 0.1, 'bottleneck': 'layer3'}, {'cav_key': 'Neg-EX_1-Neg-EX_3-layer3-linear-0.1', 'cav_concept': 'Neg-EX_1', 'target_class': 2, 'i_up': 0.01, 'val_directional_dirs_abs_mean': 0.045529123, 'val_directional_dirs_mean': 0.04551945, 'val_directional_dirs_std': 0.015298874, 'note': 'alpha_0.1 ', 'alpha': 0.1, 'bottleneck': 'layer3'}, {'cav_key': 'Neg-EX_1-Neg-EX_4-layer3-linear-0.1', 'cav_concept': 'Neg-EX_1', 'target_class': 2, 'i_up': 0.02, 'val_directional_dirs_abs_mean': 0.021517364, 'val_directional_dirs_mean': 0.021008579, 'val_directional_dirs_std': 0.0088879345, 'note': 'alpha_0.1 ', 'alpha': 0.1, 'bottleneck': 'layer3'}, {'cav_key': 'Neg-EX_2-Neg-EX_1-layer3-linear-0.1', 'cav_concept': 'Neg-EX_2', 'target_class': 2, 'i_up': 0.91, 'val_directional_dirs_abs_mean': 0.019011214, 'val_directional_dirs_mean': -0.01814503, 'val_directional_dirs_std': 0.012304483, 'note': 'alpha_0.1 ', 'alpha': 0.1, 'bottleneck': 'layer3'}, {'cav_key': 'Neg-EX_2-Neg-EX_3-layer3-linear-0.1', 'cav_concept': 'Neg-EX_2', 'target_class': 2, 'i_up': 0.95, 'val_directional_dirs_abs_mean': 0.015415857, 'val_directional_dirs_mean': -0.014951369, 'val_directional_dirs_std': 0.0106886765, 'note': 'alpha_0.1 ', 'alpha': 0.1, 'bottleneck': 'layer3'}, {'cav_key': 'Neg-EX_2-Neg-EX_4-layer3-linear-0.1', 'cav_concept': 'Neg-EX_2', 'target_class': 2, 'i_up': 0.98, 'val_directional_dirs_abs_mean': 0.02127669, 'val_directional_dirs_mean': -0.02097188, 'val_directional_dirs_std': 0.009882956, 'note': 'alpha_0.1 ', 'alpha': 0.1, 'bottleneck': 'layer3'}, {'cav_key': 'Neg-EX_3-Neg-EX_1-layer3-linear-0.1', 'cav_concept': 'Neg-EX_3', 'target_class': 2, 'i_up': 0.96, 'val_directional_dirs_abs_mean': 0.015790306, 'val_directional_dirs_mean': -0.01538466, 'val_directional_dirs_std': 0.008619675, 'note': 'alpha_0.1 ', 'alpha': 0.1, 'bottleneck': 'layer3'}, {'cav_key': 'Neg-EX_3-Neg-EX_2-layer3-linear-0.1', 'cav_concept': 'Neg-EX_3', 'target_class': 2, 'i_up': 0.03, 'val_directional_dirs_abs_mean': 0.018012002, 'val_directional_dirs_mean': 0.017823542, 'val_directional_dirs_std': 0.00913327, 'note': 'alpha_0.1 ', 'alpha': 0.1, 'bottleneck': 'layer3'}, {'cav_key': 'Neg-EX_3-Neg-EX_4-layer3-linear-0.1', 'cav_concept': 'Neg-EX_3', 'target_class': 2, 'i_up': 0.0, 'val_directional_dirs_abs_mean': 0.021582026, 'val_directional_dirs_mean': 0.021582026, 'val_directional_dirs_std': 0.0073447917, 'note': 'alpha_0.1 ', 'alpha': 0.1, 'bottleneck': 'layer3'}, {'cav_key': 'Neg-EX_4-Neg-EX_1-layer3-linear-0.1', 'cav_concept': 'Neg-EX_4', 'target_class': 2, 'i_up': 1.0, 'val_directional_dirs_abs_mean': 0.035734367, 'val_directional_dirs_mean': -0.035734367, 'val_directional_dirs_std': 0.01022367, 'note': 'alpha_0.1 ', 'alpha': 0.1, 'bottleneck': 'layer3'}, {'cav_key': 'Neg-EX_4-Neg-EX_2-layer3-linear-0.1', 'cav_concept': 'Neg-EX_4', 'target_class': 2, 'i_up': 0.45, 'val_directional_dirs_abs_mean': 0.012393748, 'val_directional_dirs_mean': 0.0058211475, 'val_directional_dirs_std': 0.016178038, 'note': 'alpha_0.1 ', 'alpha': 0.1, 'bottleneck': 'layer3'}, {'cav_key': 'Neg-EX_4-Neg-EX_3-layer3-linear-0.1', 'cav_concept': 'Neg-EX_4', 'target_class': 2, 'i_up': 0.76, 'val_directional_dirs_abs_mean': 0.00935593, 'val_directional_dirs_mean': -0.005046291, 'val_directional_dirs_std': 0.009384805, 'note': 'alpha_0.1 ', 'alpha': 0.1, 'bottleneck': 'layer3'}, {'cav_key': 'Pos-EX_1-Neg-EX_1-layer4-linear-0.1', 'cav_concept': 'Pos-EX_1', 'target_class': 2, 'i_up': 0.0, 'val_directional_dirs_abs_mean': 0.009495377, 'val_directional_dirs_mean': 0.009495377, 'val_directional_dirs_std': 9.313226e-10, 'note': 'alpha_0.1 ', 'alpha': 0.1, 'bottleneck': 'layer4'}, {'cav_key': 'Pos-EX_1-Neg-EX_2-layer4-linear-0.1', 'cav_concept': 'Pos-EX_1', 'target_class': 2, 'i_up': 1.0, 'val_directional_dirs_abs_mean': 0.0010073051, 'val_directional_dirs_mean': -0.0010073051, 'val_directional_dirs_std': 1.1641532e-10, 'note': 'alpha_0.1 ', 'alpha': 0.1, 'bottleneck': 'layer4'}, {'cav_key': 'Pos-EX_1-Neg-EX_3-layer4-linear-0.1', 'cav_concept': 'Pos-EX_1', 'target_class': 2, 'i_up': 1.0, 'val_directional_dirs_abs_mean': 0.092431605, 'val_directional_dirs_mean': -0.092431605, 'val_directional_dirs_std': 2.2351742e-08, 'note': 'alpha_0.1 ', 'alpha': 0.1, 'bottleneck': 'layer4'}, {'cav_key': 'Pos-EX_1-Neg-EX_4-layer4-linear-0.1', 'cav_concept': 'Pos-EX_1', 'target_class': 2, 'i_up': 1.0, 'val_directional_dirs_abs_mean': 0.07647771, 'val_directional_dirs_mean': -0.07647771, 'val_directional_dirs_std': 1.4901161e-08, 'note': 'alpha_0.1 ', 'alpha': 0.1, 'bottleneck': 'layer4'}, {'cav_key': 'Neg-EX_1-Neg-EX_2-layer4-linear-0.1', 'cav_concept': 'Neg-EX_1', 'target_class': 2, 'i_up': 1.0, 'val_directional_dirs_abs_mean': 0.03904117, 'val_directional_dirs_mean': -0.03904117, 'val_directional_dirs_std': 0.0, 'note': 'alpha_0.1 ', 'alpha': 0.1, 'bottleneck': 'layer4'}, {'cav_key': 'Neg-EX_1-Neg-EX_3-layer4-linear-0.1', 'cav_concept': 'Neg-EX_1', 'target_class': 2, 'i_up': 1.0, 'val_directional_dirs_abs_mean': 0.027995026, 'val_directional_dirs_mean': -0.027995026, 'val_directional_dirs_std': 3.7252903e-09, 'note': 'alpha_0.1 ', 'alpha': 0.1, 'bottleneck': 'layer4'}, {'cav_key': 'Neg-EX_1-Neg-EX_4-layer4-linear-0.1', 'cav_concept': 'Neg-EX_1', 'target_class': 2, 'i_up': 1.0, 'val_directional_dirs_abs_mean': 0.06770828, 'val_directional_dirs_mean': -0.06770828, 'val_directional_dirs_std': 0.0, 'note': 'alpha_0.1 ', 'alpha': 0.1, 'bottleneck': 'layer4'}, {'cav_key': 'Neg-EX_2-Neg-EX_1-layer4-linear-0.1', 'cav_concept': 'Neg-EX_2', 'target_class': 2, 'i_up': 0.0, 'val_directional_dirs_abs_mean': 0.104240246, 'val_directional_dirs_mean': 0.104240246, 'val_directional_dirs_std': 7.450581e-09, 'note': 'alpha_0.1 ', 'alpha': 0.1, 'bottleneck': 'layer4'}, {'cav_key': 'Neg-EX_2-Neg-EX_3-layer4-linear-0.1', 'cav_concept': 'Neg-EX_2', 'target_class': 2, 'i_up': 1.0, 'val_directional_dirs_abs_mean': 0.036804855, 'val_directional_dirs_mean': -0.036804855, 'val_directional_dirs_std': 7.450581e-09, 'note': 'alpha_0.1 ', 'alpha': 0.1, 'bottleneck': 'layer4'}, {'cav_key': 'Neg-EX_2-Neg-EX_4-layer4-linear-0.1', 'cav_concept': 'Neg-EX_2', 'target_class': 2, 'i_up': 1.0, 'val_directional_dirs_abs_mean': 0.13273431, 'val_directional_dirs_mean': -0.13273431, 'val_directional_dirs_std': 1.4901161e-08, 'note': 'alpha_0.1 ', 'alpha': 0.1, 'bottleneck': 'layer4'}, {'cav_key': 'Neg-EX_3-Neg-EX_1-layer4-linear-0.1', 'cav_concept': 'Neg-EX_3', 'target_class': 2, 'i_up': 0.0, 'val_directional_dirs_abs_mean': 0.061628986, 'val_directional_dirs_mean': 0.061628986, 'val_directional_dirs_std': 3.7252903e-09, 'note': 'alpha_0.1 ', 'alpha': 0.1, 'bottleneck': 'layer4'}, {'cav_key': 'Neg-EX_3-Neg-EX_2-layer4-linear-0.1', 'cav_concept': 'Neg-EX_3', 'target_class': 2, 'i_up': 0.0, 'val_directional_dirs_abs_mean': 0.044959746, 'val_directional_dirs_mean': 0.044959746, 'val_directional_dirs_std': 7.450581e-09, 'note': 'alpha_0.1 ', 'alpha': 0.1, 'bottleneck': 'layer4'}, {'cav_key': 'Neg-EX_3-Neg-EX_4-layer4-linear-0.1', 'cav_concept': 'Neg-EX_3', 'target_class': 2, 'i_up': 0.0, 'val_directional_dirs_abs_mean': 0.007887201, 'val_directional_dirs_mean': 0.007887201, 'val_directional_dirs_std': 1.8626451e-09, 'note': 'alpha_0.1 ', 'alpha': 0.1, 'bottleneck': 'layer4'}, {'cav_key': 'Neg-EX_4-Neg-EX_1-layer4-linear-0.1', 'cav_concept': 'Neg-EX_4', 'target_class': 2, 'i_up': 0.0, 'val_directional_dirs_abs_mean': 0.030883424, 'val_directional_dirs_mean': 0.030883424, 'val_directional_dirs_std': 5.5879354e-09, 'note': 'alpha_0.1 ', 'alpha': 0.1, 'bottleneck': 'layer4'}, {'cav_key': 'Neg-EX_4-Neg-EX_2-layer4-linear-0.1', 'cav_concept': 'Neg-EX_4', 'target_class': 2, 'i_up': 0.0, 'val_directional_dirs_abs_mean': 0.036667764, 'val_directional_dirs_mean': 0.036667764, 'val_directional_dirs_std': 3.7252903e-09, 'note': 'alpha_0.1 ', 'alpha': 0.1, 'bottleneck': 'layer4'}, {'cav_key': 'Neg-EX_4-Neg-EX_3-layer4-linear-0.1', 'cav_concept': 'Neg-EX_4', 'target_class': 2, 'i_up': 0.0, 'val_directional_dirs_abs_mean': 0.022983298, 'val_directional_dirs_mean': 0.022983298, 'val_directional_dirs_std': 0.0, 'note': 'alpha_0.1 ', 'alpha': 0.1, 'bottleneck': 'layer4'}]
Class = 2
cav is not random concept: Pos-EX_1
cav is not random concept: Pos-EX_1
cav is not random concept: Pos-EX_1
cav is not random concept: Pos-EX_1
cav is random concept: Neg-EX_1
bottleneck is: layer3
cav is random concept: Neg-EX_1
cav is random concept: Neg-EX_1
cav is random concept: Neg-EX_2
cav is random concept: Neg-EX_2
cav is random concept: Neg-EX_2
cav is random concept: Neg-EX_3
cav is random concept: Neg-EX_3
cav is random concept: Neg-EX_3
cav is random concept: Neg-EX_4
cav is random concept: Neg-EX_4
cav is random concept: Neg-EX_4
cav is not random concept: Pos-EX_1
cav is not random concept: Pos-EX_1
cav is not random concept: Pos-EX_1
cav is not random concept: Pos-EX_1
cav is random concept: Neg-EX_1
bottleneck is: layer4
cav is random concept: Neg-EX_1
cav is random concept: Neg-EX_1
cav is random concept: Neg-EX_2
cav is random concept: Neg-EX_2
cav is random concept: Neg-EX_2
cav is random concept: Neg-EX_3
cav is random concept: Neg-EX_3
cav is random concept: Neg-EX_3
cav is random concept: Neg-EX_4
cav is random concept: Neg-EX_4
cav is random concept: Neg-EX_4
  Concept = Pos-EX_1
    Bottleneck = layer3. TCAV Score = 0.08 (+- 0.08), random was 0.51 (+- 0.44). p-val = 0.086 (not significant)
    Bottleneck = layer4. TCAV Score = 0.75 (+- 0.43), random was 0.42 (+- 0.49). p-val = 0.278 (not significant)
Error: No non-random concepts found. Check TCAV results.
Pos-EX_1 {'layer3': [{'cav_key': 'Pos-EX_1-Neg-EX_1-layer3-linear-0.1', 'cav_concept': 'Pos-EX_1', 'target_class': 2, 'i_up': 0.01, 'val_directional_dirs_abs_mean': 0.037938513, 'val_directional_dirs_mean': 0.037856992, 'val_directional_dirs_std': 0.011444195, 'note': 'alpha_0.1 ', 'alpha': 0.1, 'bottleneck': 'layer3'}, {'cav_key': 'Pos-EX_1-Neg-EX_2-layer3-linear-0.1', 'cav_concept': 'Pos-EX_1', 'target_class': 2, 'i_up': 0.02, 'val_directional_dirs_abs_mean': 0.041916367, 'val_directional_dirs_mean': 0.041870367, 'val_directional_dirs_std': 0.015074859, 'note': 'alpha_0.1 ', 'alpha': 0.1, 'bottleneck': 'layer3'}, {'cav_key': 'Pos-EX_1-Neg-EX_3-layer3-linear-0.1', 'cav_concept': 'Pos-EX_1', 'target_class': 2, 'i_up': 0.07, 'val_directional_dirs_abs_mean': 0.027787171, 'val_directional_dirs_mean': 0.025733344, 'val_directional_dirs_std': 0.016393347, 'note': 'alpha_0.1 ', 'alpha': 0.1, 'bottleneck': 'layer3'}, {'cav_key': 'Pos-EX_1-Neg-EX_4-layer3-linear-0.1', 'cav_concept': 'Pos-EX_1', 'target_class': 2, 'i_up': 0.2, 'val_directional_dirs_abs_mean': 0.014828492, 'val_directional_dirs_mean': 0.00961355, 'val_directional_dirs_std': 0.013637453, 'note': 'alpha_0.1 ', 'alpha': 0.1, 'bottleneck': 'layer3'}], 'layer4': [{'cav_key': 'Pos-EX_1-Neg-EX_1-layer4-linear-0.1', 'cav_concept': 'Pos-EX_1', 'target_class': 2, 'i_up': 0.0, 'val_directional_dirs_abs_mean': 0.009495377, 'val_directional_dirs_mean': 0.009495377, 'val_directional_dirs_std': 9.313226e-10, 'note': 'alpha_0.1 ', 'alpha': 0.1, 'bottleneck': 'layer4'}, {'cav_key': 'Pos-EX_1-Neg-EX_2-layer4-linear-0.1', 'cav_concept': 'Pos-EX_1', 'target_class': 2, 'i_up': 1.0, 'val_directional_dirs_abs_mean': 0.0010073051, 'val_directional_dirs_mean': -0.0010073051, 'val_directional_dirs_std': 1.1641532e-10, 'note': 'alpha_0.1 ', 'alpha': 0.1, 'bottleneck': 'layer4'}, {'cav_key': 'Pos-EX_1-Neg-EX_3-layer4-linear-0.1', 'cav_concept': 'Pos-EX_1', 'target_class': 2, 'i_up': 1.0, 'val_directional_dirs_abs_mean': 0.092431605, 'val_directional_dirs_mean': -0.092431605, 'val_directional_dirs_std': 2.2351742e-08, 'note': 'alpha_0.1 ', 'alpha': 0.1, 'bottleneck': 'layer4'}, {'cav_key': 'Pos-EX_1-Neg-EX_4-layer4-linear-0.1', 'cav_concept': 'Pos-EX_1', 'target_class': 2, 'i_up': 1.0, 'val_directional_dirs_abs_mean': 0.07647771, 'val_directional_dirs_mean': -0.07647771, 'val_directional_dirs_std': 1.4901161e-08, 'note': 'alpha_0.1 ', 'alpha': 0.1, 'bottleneck': 'layer4'}]}
Neg-EX_1 {'layer3': [{'cav_key': 'Neg-EX_1-Neg-EX_2-layer3-linear-0.1', 'cav_concept': 'Neg-EX_1', 'target_class': 2, 'i_up': 0.03, 'val_directional_dirs_abs_mean': 0.022344384, 'val_directional_dirs_mean': 0.02192035, 'val_directional_dirs_std': 0.011790066, 'note': 'alpha_0.1 ', 'alpha': 0.1, 'bottleneck': 'layer3'}, {'cav_key': 'Neg-EX_1-Neg-EX_3-layer3-linear-0.1', 'cav_concept': 'Neg-EX_1', 'target_class': 2, 'i_up': 0.01, 'val_directional_dirs_abs_mean': 0.045529123, 'val_directional_dirs_mean': 0.04551945, 'val_directional_dirs_std': 0.015298874, 'note': 'alpha_0.1 ', 'alpha': 0.1, 'bottleneck': 'layer3'}, {'cav_key': 'Neg-EX_1-Neg-EX_4-layer3-linear-0.1', 'cav_concept': 'Neg-EX_1', 'target_class': 2, 'i_up': 0.02, 'val_directional_dirs_abs_mean': 0.021517364, 'val_directional_dirs_mean': 0.021008579, 'val_directional_dirs_std': 0.0088879345, 'note': 'alpha_0.1 ', 'alpha': 0.1, 'bottleneck': 'layer3'}], 'layer4': [{'cav_key': 'Neg-EX_1-Neg-EX_2-layer4-linear-0.1', 'cav_concept': 'Neg-EX_1', 'target_class': 2, 'i_up': 1.0, 'val_directional_dirs_abs_mean': 0.03904117, 'val_directional_dirs_mean': -0.03904117, 'val_directional_dirs_std': 0.0, 'note': 'alpha_0.1 ', 'alpha': 0.1, 'bottleneck': 'layer4'}, {'cav_key': 'Neg-EX_1-Neg-EX_3-layer4-linear-0.1', 'cav_concept': 'Neg-EX_1', 'target_class': 2, 'i_up': 1.0, 'val_directional_dirs_abs_mean': 0.027995026, 'val_directional_dirs_mean': -0.027995026, 'val_directional_dirs_std': 3.7252903e-09, 'note': 'alpha_0.1 ', 'alpha': 0.1, 'bottleneck': 'layer4'}, {'cav_key': 'Neg-EX_1-Neg-EX_4-layer4-linear-0.1', 'cav_concept': 'Neg-EX_1', 'target_class': 2, 'i_up': 1.0, 'val_directional_dirs_abs_mean': 0.06770828, 'val_directional_dirs_mean': -0.06770828, 'val_directional_dirs_std': 0.0, 'note': 'alpha_0.1 ', 'alpha': 0.1, 'bottleneck': 'layer4'}]}
Neg-EX_2 {'layer3': [{'cav_key': 'Neg-EX_2-Neg-EX_1-layer3-linear-0.1', 'cav_concept': 'Neg-EX_2', 'target_class': 2, 'i_up': 0.91, 'val_directional_dirs_abs_mean': 0.019011214, 'val_directional_dirs_mean': -0.01814503, 'val_directional_dirs_std': 0.012304483, 'note': 'alpha_0.1 ', 'alpha': 0.1, 'bottleneck': 'layer3'}, {'cav_key': 'Neg-EX_2-Neg-EX_3-layer3-linear-0.1', 'cav_concept': 'Neg-EX_2', 'target_class': 2, 'i_up': 0.95, 'val_directional_dirs_abs_mean': 0.015415857, 'val_directional_dirs_mean': -0.014951369, 'val_directional_dirs_std': 0.0106886765, 'note': 'alpha_0.1 ', 'alpha': 0.1, 'bottleneck': 'layer3'}, {'cav_key': 'Neg-EX_2-Neg-EX_4-layer3-linear-0.1', 'cav_concept': 'Neg-EX_2', 'target_class': 2, 'i_up': 0.98, 'val_directional_dirs_abs_mean': 0.02127669, 'val_directional_dirs_mean': -0.02097188, 'val_directional_dirs_std': 0.009882956, 'note': 'alpha_0.1 ', 'alpha': 0.1, 'bottleneck': 'layer3'}], 'layer4': [{'cav_key': 'Neg-EX_2-Neg-EX_1-layer4-linear-0.1', 'cav_concept': 'Neg-EX_2', 'target_class': 2, 'i_up': 0.0, 'val_directional_dirs_abs_mean': 0.104240246, 'val_directional_dirs_mean': 0.104240246, 'val_directional_dirs_std': 7.450581e-09, 'note': 'alpha_0.1 ', 'alpha': 0.1, 'bottleneck': 'layer4'}, {'cav_key': 'Neg-EX_2-Neg-EX_3-layer4-linear-0.1', 'cav_concept': 'Neg-EX_2', 'target_class': 2, 'i_up': 1.0, 'val_directional_dirs_abs_mean': 0.036804855, 'val_directional_dirs_mean': -0.036804855, 'val_directional_dirs_std': 7.450581e-09, 'note': 'alpha_0.1 ', 'alpha': 0.1, 'bottleneck': 'layer4'}, {'cav_key': 'Neg-EX_2-Neg-EX_4-layer4-linear-0.1', 'cav_concept': 'Neg-EX_2', 'target_class': 2, 'i_up': 1.0, 'val_directional_dirs_abs_mean': 0.13273431, 'val_directional_dirs_mean': -0.13273431, 'val_directional_dirs_std': 1.4901161e-08, 'note': 'alpha_0.1 ', 'alpha': 0.1, 'bottleneck': 'layer4'}]}
Neg-EX_3 {'layer3': [{'cav_key': 'Neg-EX_3-Neg-EX_1-layer3-linear-0.1', 'cav_concept': 'Neg-EX_3', 'target_class': 2, 'i_up': 0.96, 'val_directional_dirs_abs_mean': 0.015790306, 'val_directional_dirs_mean': -0.01538466, 'val_directional_dirs_std': 0.008619675, 'note': 'alpha_0.1 ', 'alpha': 0.1, 'bottleneck': 'layer3'}, {'cav_key': 'Neg-EX_3-Neg-EX_2-layer3-linear-0.1', 'cav_concept': 'Neg-EX_3', 'target_class': 2, 'i_up': 0.03, 'val_directional_dirs_abs_mean': 0.018012002, 'val_directional_dirs_mean': 0.017823542, 'val_directional_dirs_std': 0.00913327, 'note': 'alpha_0.1 ', 'alpha': 0.1, 'bottleneck': 'layer3'}, {'cav_key': 'Neg-EX_3-Neg-EX_4-layer3-linear-0.1', 'cav_concept': 'Neg-EX_3', 'target_class': 2, 'i_up': 0.0, 'val_directional_dirs_abs_mean': 0.021582026, 'val_directional_dirs_mean': 0.021582026, 'val_directional_dirs_std': 0.0073447917, 'note': 'alpha_0.1 ', 'alpha': 0.1, 'bottleneck': 'layer3'}], 'layer4': [{'cav_key': 'Neg-EX_3-Neg-EX_1-layer4-linear-0.1', 'cav_concept': 'Neg-EX_3', 'target_class': 2, 'i_up': 0.0, 'val_directional_dirs_abs_mean': 0.061628986, 'val_directional_dirs_mean': 0.061628986, 'val_directional_dirs_std': 3.7252903e-09, 'note': 'alpha_0.1 ', 'alpha': 0.1, 'bottleneck': 'layer4'}, {'cav_key': 'Neg-EX_3-Neg-EX_2-layer4-linear-0.1', 'cav_concept': 'Neg-EX_3', 'target_class': 2, 'i_up': 0.0, 'val_directional_dirs_abs_mean': 0.044959746, 'val_directional_dirs_mean': 0.044959746, 'val_directional_dirs_std': 7.450581e-09, 'note': 'alpha_0.1 ', 'alpha': 0.1, 'bottleneck': 'layer4'}, {'cav_key': 'Neg-EX_3-Neg-EX_4-layer4-linear-0.1', 'cav_concept': 'Neg-EX_3', 'target_class': 2, 'i_up': 0.0, 'val_directional_dirs_abs_mean': 0.007887201, 'val_directional_dirs_mean': 0.007887201, 'val_directional_dirs_std': 1.8626451e-09, 'note': 'alpha_0.1 ', 'alpha': 0.1, 'bottleneck': 'layer4'}]}
Neg-EX_4 {'layer3': [{'cav_key': 'Neg-EX_4-Neg-EX_1-layer3-linear-0.1', 'cav_concept': 'Neg-EX_4', 'target_class': 2, 'i_up': 1.0, 'val_directional_dirs_abs_mean': 0.035734367, 'val_directional_dirs_mean': -0.035734367, 'val_directional_dirs_std': 0.01022367, 'note': 'alpha_0.1 ', 'alpha': 0.1, 'bottleneck': 'layer3'}, {'cav_key': 'Neg-EX_4-Neg-EX_2-layer3-linear-0.1', 'cav_concept': 'Neg-EX_4', 'target_class': 2, 'i_up': 0.45, 'val_directional_dirs_abs_mean': 0.012393748, 'val_directional_dirs_mean': 0.0058211475, 'val_directional_dirs_std': 0.016178038, 'note': 'alpha_0.1 ', 'alpha': 0.1, 'bottleneck': 'layer3'}, {'cav_key': 'Neg-EX_4-Neg-EX_3-layer3-linear-0.1', 'cav_concept': 'Neg-EX_4', 'target_class': 2, 'i_up': 0.76, 'val_directional_dirs_abs_mean': 0.00935593, 'val_directional_dirs_mean': -0.005046291, 'val_directional_dirs_std': 0.009384805, 'note': 'alpha_0.1 ', 'alpha': 0.1, 'bottleneck': 'layer3'}], 'layer4': [{'cav_key': 'Neg-EX_4-Neg-EX_1-layer4-linear-0.1', 'cav_concept': 'Neg-EX_4', 'target_class': 2, 'i_up': 0.0, 'val_directional_dirs_abs_mean': 0.030883424, 'val_directional_dirs_mean': 0.030883424, 'val_directional_dirs_std': 5.5879354e-09, 'note': 'alpha_0.1 ', 'alpha': 0.1, 'bottleneck': 'layer4'}, {'cav_key': 'Neg-EX_4-Neg-EX_2-layer4-linear-0.1', 'cav_concept': 'Neg-EX_4', 'target_class': 2, 'i_up': 0.0, 'val_directional_dirs_abs_mean': 0.036667764, 'val_directional_dirs_mean': 0.036667764, 'val_directional_dirs_std': 3.7252903e-09, 'note': 'alpha_0.1 ', 'alpha': 0.1, 'bottleneck': 'layer4'}, {'cav_key': 'Neg-EX_4-Neg-EX_3-layer4-linear-0.1', 'cav_concept': 'Neg-EX_4', 'target_class': 2, 'i_up': 0.0, 'val_directional_dirs_abs_mean': 0.022983298, 'val_directional_dirs_mean': 0.022983298, 'val_directional_dirs_std': 0.0, 'note': 'alpha_0.1 ', 'alpha': 0.1, 'bottleneck': 'layer4'}]}

JOB STATISTICS
==============
Job ID: 9809188
Cluster: snellius
User/Group: fsixdijkstra/fsixdijkstra
State: COMPLETED (exit code 0)
Nodes: 1
Cores per node: 9
CPU Utilized: 02:53:30
CPU Efficiency: 89.11% of 03:14:42 core-walltime
Job Wall-clock time: 00:21:38
Memory Utilized: 1.09 GB
Memory Efficiency: 1.82% of 60.00 GB
